La génération a démarré 15/09/2014 22:15:05.
     1>Projet "D:\tools\projects\MyoKeyBinding\myo-key-binding.vcxproj" sur le nœud 2 (Build cible(s)).
     1>ClCompile:
         C:\Program Files (x86)\Microsoft Visual Studio 12.0\VC\bin\x86_amd64\CL.exe /c /I.\include /Zi /nologo /W3 /WX- /O2 /Oi /GL /D WIN32 /D NDEBUG /D _CONSOLE /D _LIB /D _UNICODE /D UNICODE /Gm- /EHsc /MD /GS /Gy /fp:precise /Zc:wchar_t /Zc:forScope /Fo"x64\Release\\" /Fd"x64\Release\vc120.pdb" /Gd /TP /errorReport:prompt clavier.cpp "myo-key-binding.cpp"
         clavier.cpp
         myo-key-binding.cpp
     1>myo-key-binding.cpp(107): warning C4244: 'initialisation' : conversion de 'time_t' en 'unsigned long', perte possible de données
     1>myo-key-binding.cpp(111): warning C4244: '=' : conversion de 'time_t' en 'unsigned long', perte possible de données
     1>myo-key-binding.cpp(122): warning C4244: '=' : conversion de 'time_t' en 'unsigned long', perte possible de données
     1>myo-key-binding.cpp(133): warning C4244: '=' : conversion de 'time_t' en 'unsigned long', perte possible de données
     1>myo-key-binding.cpp(149): warning C4244: '=' : conversion de 'time_t' en 'unsigned long', perte possible de données
     1>myo-key-binding.cpp(175): warning C4244: 'initialisation' : conversion de 'double' en 'float', perte possible de données
     1>myo-key-binding.cpp(176): warning C4244: 'initialisation' : conversion de 'double' en 'float', perte possible de données
     1>myo-key-binding.cpp(177): warning C4244: 'initialisation' : conversion de 'double' en 'float', perte possible de données
       Link:
         C:\Program Files (x86)\Microsoft Visual Studio 12.0\VC\bin\x86_amd64\link.exe /ERRORREPORT:PROMPT /OUT:"D:\tools\projects\MyoKeyBinding\x64\Release\myo-key-binding.exe" /INCREMENTAL /NOLOGO /LIBPATH:.\lib myo64.lib /MANIFEST /MANIFESTUAC:"level='asInvoker' uiAccess='false'" /manifest:embed /DEBUG /PDB:"D:\tools\projects\MyoKeyBinding\x64\Release\myo-key-binding.pdb" /SUBSYSTEM:CONSOLE /OPT:REF /OPT:ICF /LTCG /TLBID:1 /DYNAMICBASE /NXCOMPAT /IMPLIB:"D:\tools\projects\MyoKeyBinding\x64\Release\myo-key-binding.lib" /MACHINE:X64 x64\Release\clavier.obj
         "x64\Release\myo-key-binding.obj"
     1>LINK : warning LNK4075: ' /INCREMENTAL' ignoré à cause de la spécification '/LTCG'
         Génération de code en cours
         Fin de la génération du code
         myo-key-binding.vcxproj -> D:\tools\projects\MyoKeyBinding\x64\Release\myo-key-binding.exe
       PostBuildEvent:
         COPY ".\bin\myo64.dll" "D:\tools\projects\MyoKeyBinding\x64\Release\" && COPY ".\bin\ble64.dll" "D:\tools\projects\MyoKeyBinding\x64\Release\" && COPY ".\bin\msvcp120.dll" "D:\tools\projects\MyoKeyBinding\x64\Release\" && COPY ".\bin\msvcr120.dll" "D:\tools\projects\MyoKeyBinding\x64\Release\"
               
         :VCEnd
                 1 fichier(s) copié(s).
                 1 fichier(s) copié(s).
                 1 fichier(s) copié(s).
                 1 fichier(s) copié(s).
     1>Génération du projet "D:\tools\projects\MyoKeyBinding\myo-key-binding.vcxproj" terminée (Build cible(s)).

La génération a réussi.

Temps écoulé 00:00:04.88
